<?xml version="1.0" encoding="UTF-8" ?>
<testsuite tests="17" failures="0" name="TestSuite" time="0.485" errors="0" skipped="1">
  <properties>
    <property name="java.vendor" value="Oracle Corporation"/>
    <property name="JOB_NAME" value="DDtest"/>
    <property name="PWD" value="/Users/tuhinshaikh/Documents"/>
    <property name="sun.java.launcher" value="SUN_STANDARD"/>
    <property name="sun.management.compiler" value="HotSpot 64-Bit Tiered Compilers"/>
    <property name="JENKINS_HOME" value="/Users/tuhinshaikh/.jenkins"/>
    <property name="PATH" value="/Library/Java/JavaVirtualMachines/jdk1.8.0_151.jdk/Contents/Home/bin:/Library/Frameworks/Python.framework/Versions/3.6/bin:/Users/tuhinshaikh/.npm-packages/bin:/Library/Frameworks/Python.framework/Versions/3.6/bin:/usr/local/bin:/usr/bin:/bin:/usr/sbin:/sbin://Users/tuhinshaikh/Library/Android/sdk/platform-tools://Users/tuhinshaikh/Library/Android/sdk/tools://Users/tuhinshaikh/Library/Android/sdk/tools/bin:/usr/local/mysql/bin/:/Users/tuhinshaikh/Desktop/webServices/axis2-1.6.2/bin"/>
    <property name="HUDSON_SERVER_COOKIE" value="0bd99bb16797eef2"/>
    <property name="os.name" value="Mac OS X"/>
    <property name="TERM_PROGRAM" value="Apple_Terminal"/>
    <property name="sun.boot.class.path" value="/Library/Java/JavaVirtualMachines/jdk1.8.0_151.jdk/Contents/Home/jre/lib/resources.jar:/Library/Java/JavaVirtualMachines/jdk1.8.0_151.jdk/Contents/Home/jre/lib/rt.jar:/Library/Java/JavaVirtualMachines/jdk1.8.0_151.jdk/Contents/Home/jre/lib/sunrsasign.jar:/Library/Java/JavaVirtualMachines/jdk1.8.0_151.jdk/Contents/Home/jre/lib/jsse.jar:/Library/Java/JavaVirtualMachines/jdk1.8.0_151.jdk/Contents/Home/jre/lib/jce.jar:/Library/Java/JavaVirtualMachines/jdk1.8.0_151.jdk/Contents/Home/jre/lib/charsets.jar:/Library/Java/JavaVirtualMachines/jdk1.8.0_151.jdk/Contents/Home/jre/lib/jfr.jar:/Library/Java/JavaVirtualMachines/jdk1.8.0_151.jdk/Contents/Home/jre/classes"/>
    <property name="EXECUTOR_NUMBER" value="0"/>
    <property name="TERM_SESSION_ID" value="B8E77BEE-093A-4C89-99B3-B396F23FEBC4"/>
    <property name="java.vm.specification.vendor" value="Oracle Corporation"/>
    <property name="NODE_LABELS" value="master"/>
    <property name="java.runtime.version" value="1.8.0_151-b12"/>
    <property name="user.name" value="tuhinshaikh"/>
    <property name="guice.disable.misplaced.annotation.check" value="true"/>
    <property name="user.language" value="en"/>
    <property name="JOB_BASE_NAME" value="DDtest"/>
    <property name="RUN_CHANGES_DISPLAY_URL" value="http://unconfigured-jenkins-location/job/DDtest/1/display/redirect?page=changes"/>
    <property name="BUILD_DISPLAY_NAME" value="#1"/>
    <property name="TMPDIR" value="/var/folders/4d/jwjzt2rs3473nhmx6qrw9mkc0000gn/T/"/>
    <property name="sun.boot.library.path" value="/Library/Java/JavaVirtualMachines/jdk1.8.0_151.jdk/Contents/Home/jre/lib"/>
    <property name="java.version" value="1.8.0_151"/>
    <property name="XPC_FLAGS" value="0x0"/>
    <property name="user.timezone" value="America/New_York"/>
    <property name="JAVA_MAIN_CLASS_3750" value="Main"/>
    <property name="sun.arch.data.model" value="64"/>
    <property name="NODE_NAME" value="master"/>
    <property name="AXIS2_HOME" value="/Users/tuhinshaikh/Desktop/webServices/axis2-1.6.2"/>
    <property name="TERM" value="xterm-256color"/>
    <property name="http.nonProxyHosts" value="local|*.local|169.254/16|*.169.254/16"/>
    <property name="java.endorsed.dirs" value="/Library/Java/JavaVirtualMachines/jdk1.8.0_151.jdk/Contents/Home/jre/lib/endorsed"/>
    <property name="BUILD_ID" value="1"/>
    <property name="sun.cpu.isalist" value=""/>
    <property name="sun.jnu.encoding" value="UTF-8"/>
    <property name="file.encoding.pkg" value="sun.io"/>
    <property name="SHELL" value="/bin/bash"/>
    <property name="file.separator" value="/"/>
    <property name="java.specification.name" value="Java Platform API Specification"/>
    <property name="maven.conf" value="/usr/local/Cellar/maven/3.5.2/libexec/conf"/>
    <property name="java.class.version" value="52.0"/>
    <property name="org.slf4j.simpleLogger.defaultLogLevel" value="info"/>
    <property name="user.country" value="US"/>
    <property name="java.home" value="/Library/Java/JavaVirtualMachines/jdk1.8.0_151.jdk/Contents/Home/jre"/>
    <property name="java.vm.info" value="mixed mode"/>
    <property name="os.version" value="10.13.6"/>
    <property name="RUN_DISPLAY_URL" value="http://unconfigured-jenkins-location/job/DDtest/1/display/redirect"/>
    <property name="sun.font.fontmanager" value="sun.font.CFontManager"/>
    <property name="path.separator" value=":"/>
    <property name="java.vm.version" value="25.151-b12"/>
    <property name="JOB_DISPLAY_URL" value="http://unconfigured-jenkins-location/job/DDtest/display/redirect"/>
    <property name="SHLVL" value="1"/>
    <property name="_" value="/usr/bin/java"/>
    <property name="java.awt.printerjob" value="sun.lwawt.macosx.CPrinterJob"/>
    <property name="JAVA_HOME" value="/Library/Java/JavaVirtualMachines/jdk1.8.0_151.jdk/Contents/Home"/>
    <property name="sun.io.unicode.encoding" value="UnicodeBig"/>
    <property name="awt.toolkit" value="sun.lwawt.macosx.LWCToolkit"/>
    <property name="LOGNAME" value="tuhinshaikh"/>
    <property name="socksNonProxyHosts" value="local|*.local|169.254/16|*.169.254/16"/>
    <property name="ftp.nonProxyHosts" value="local|*.local|169.254/16|*.169.254/16"/>
    <property name="HOME" value="/Users/tuhinshaikh"/>
    <property name="user.home" value="/Users/tuhinshaikh"/>
    <property name="BUILD_TAG" value="jenkins-DDtest-1"/>
    <property name="JENKINS_SERVER_COOKIE" value="0bd99bb16797eef2"/>
    <property name="XPC_SERVICE_NAME" value="0"/>
    <property name="java.specification.vendor" value="Oracle Corporation"/>
    <property name="CLASSPATH" value=""/>
    <property name="java.library.path" value="/Users/tuhinshaikh/Library/Java/Extensions:/Library/Java/Extensions:/Network/Library/Java/Extensions:/System/Library/Java/Extensions:/usr/lib/java:."/>
    <property name="java.vendor.url" value="http://java.oracle.com/"/>
    <property name="Apple_PubSub_Socket_Render" value="/private/tmp/com.apple.launchd.v7RDI0fRvz/Render"/>
    <property name="gopherProxySet" value="false"/>
    <property name="java.vm.vendor" value="Oracle Corporation"/>
    <property name="java.runtime.name" value="Java(TM) SE Runtime Environment"/>
    <property name="maven.home" value="/usr/local/Cellar/maven/3.5.2/libexec"/>
    <property name="java.class.path" value="/Users/tuhinshaikh/.jenkins/plugins/maven-plugin/WEB-INF/lib/maven35-agent-1.12-alpha-1.jar:/usr/local/Cellar/maven/3.5.2/libexec/boot/plexus-classworlds-2.5.2.jar:/usr/local/Cellar/maven/3.5.2/libexec/conf/logging"/>
    <property name="sun.java.command" value="jenkins.maven3.agent.Maven35Main /usr/local/Cellar/maven/3.5.2/libexec /Users/tuhinshaikh/.jenkins/war/WEB-INF/lib/remoting-3.17.jar /Users/tuhinshaikh/.jenkins/plugins/maven-plugin/WEB-INF/lib/maven35-interceptor-1.12-alpha-1.jar /Users/tuhinshaikh/.jenkins/plugins/maven-plugin/WEB-INF/lib/maven3-interceptor-commons-1.12-alpha-1.jar 52140"/>
    <property name="java.vm.specification.name" value="Java Virtual Machine Specification"/>
    <property name="PATH+JDK" value="/Library/Java/JavaVirtualMachines/jdk1.8.0_151.jdk/Contents/Home/bin"/>
    <property name="java.vm.specification.version" value="1.8"/>
    <property name="sun.os.patch.level" value="unknown"/>
    <property name="sun.cpu.endian" value="little"/>
    <property name="M2_HOME" value="/usr/local/Cellar/maven/3.5.2/libexec"/>
    <property name="java.io.tmpdir" value="/var/folders/4d/jwjzt2rs3473nhmx6qrw9mkc0000gn/T/"/>
    <property name="HUDSON_HOME" value="/Users/tuhinshaikh/.jenkins"/>
    <property name="PATH+MAVEN" value="/usr/local/Cellar/maven/3.5.2/libexec/bin"/>
    <property name="java.vendor.url.bug" value="http://bugreport.sun.com/bugreport/"/>
    <property name="OLDPWD" value="/Users/tuhinshaikh/Documents/edureka_selenium_certification"/>
    <property name="SSH_AUTH_SOCK" value="/private/tmp/com.apple.launchd.iwxUpvXkST/Listeners"/>
    <property name="java.awt.graphicsenv" value="sun.awt.CGraphicsEnvironment"/>
    <property name="os.arch" value="x86_64"/>
    <property name="java.ext.dirs" value="/Users/tuhinshaikh/Library/Java/Extensions:/Library/Java/JavaVirtualMachines/jdk1.8.0_151.jdk/Contents/Home/jre/lib/ext:/Library/Java/Extensions:/Network/Library/Java/Extensions:/System/Library/Java/Extensions:/usr/lib/java"/>
    <property name="__CF_USER_TEXT_ENCODING" value="0x1F5:0x0:0x0"/>
    <property name="user.dir" value="/Users/tuhinshaikh/Documents/edureka_selenium_certification"/>
    <property name="line.separator" value="
"/>
    <property name="MAVEN_HOME" value="/usr/local/Cellar/maven/3.5.2/libexec"/>
    <property name="java.vm.name" value="Java HotSpot(TM) 64-Bit Server VM"/>
    <property name="BUILD_NUMBER" value="1"/>
    <property name="ANDROID_HOME" value="/Users/tuhinshaikh/Library/Android/sdk"/>
    <property name="TERM_PROGRAM_VERSION" value="404"/>
    <property name="file.encoding" value="UTF-8"/>
    <property name="LANG" value="en_US.UTF-8"/>
    <property name="maven3.interceptor" value="/Users/tuhinshaikh/.jenkins/plugins/maven-plugin/WEB-INF/lib/maven35-interceptor-1.12-alpha-1.jar"/>
    <property name="WORKSPACE" value="/Users/tuhinshaikh/.jenkins/workspace/DDtest"/>
    <property name="maven3.interceptor.common" value="/Users/tuhinshaikh/.jenkins/plugins/maven-plugin/WEB-INF/lib/maven3-interceptor-commons-1.12-alpha-1.jar"/>
    <property name="java.specification.version" value="1.8"/>
    <property name="USER" value="tuhinshaikh"/>
  </properties>
  <testcase classname="testNG.TestGroupTwo" name="A" time="0.152"/>
  <testcase classname="testNG.TestGroupTwo" name="B" time="0.018"/>
  <testcase classname="testNG.TestGroupTwo" name="C" time="0.014"/>
  <testcase classname="testNG.TestGroupTwo" name="D" time="0.014"/>
  <testcase classname="testNG.TestGroupTwo" name="E" time="0.034"/>
  <testcase classname="testNG.Testannotation" name="test4" time="0.041"/>
  <testcase classname="testNG.Testannotation" name="test5" time="0.012"/>
  <testcase classname="testNG.TestGroup" name="A" time="0.008"/>
  <testcase classname="testNG.TestGroup" name="B" time="0.02"/>
  <testcase classname="testNG.TestGroup" name="C" time="0.035"/>
  <testcase classname="testNG.TestGroup" name="D" time="0.015"/>
  <testcase classname="testNG.TestGroup" name="E" time="0.029"/>
  <testcase classname="testNG.TestSkipException" name="f1" time="0.035"/>
  <testcase classname="testNG.TestSkipException" name="f2" time="0.014">
    <skipped/>
  </testcase>
  <testcase classname="testNG.Testannotation" name="test2" time="0.01"/>
  <testcase classname="testNG.Testannotation" name="test" time="0.018"/>
  <testcase classname="testNG.Testannotation" name="test3" time="0.016"/>
</testsuite>