<?xml version="1.0" encoding="UTF-8"?>
<!-- Generated by org.testng.reporters.JUnitReportReporter -->
<testsuite skipped="0" hostname="Mds-MacBook-Pro" name="testNG.TestGroupTwo" tests="5" failures="0" timestamp="2018-09-30T15:44:04 EDT" time="0.074" errors="0">
  <testcase name="E" time="0.002" classname="testNG.TestGroupTwo"/>
  <testcase name="C" time="0.002" classname="testNG.TestGroupTwo"/>
  <testcase name="B" time="0.002" classname="testNG.TestGroupTwo"/>
  <testcase name="A" time="0.067" classname="testNG.TestGroupTwo"/>
  <testcase name="D" time="0.001" classname="testNG.TestGroupTwo"/>
</testsuite> <!-- testNG.TestGroupTwo -->
