<?xml version="1.0" encoding="UTF-8"?>
<!-- Generated by org.testng.reporters.JUnitReportReporter -->
<testsuite skipped="1" hostname="Mds-MacBook-Pro" name="testNG.TestSkipException" tests="2" failures="0" timestamp="2018-09-30T15:44:04 EDT" time="0.010" errors="0">
  <testcase name="f1" time="0.009" classname="testNG.TestSkipException"/>
  <testcase name="f2" time="0.001" classname="testNG.TestSkipException">
    <skipped/>
  </testcase> <!-- f2 -->
</testsuite> <!-- testNG.TestSkipException -->
