<?xml version="1.0" encoding="UTF-8"?>
<!-- Generated by org.testng.reporters.JUnitReportReporter -->
<testsuite skipped="0" hostname="Mds-MacBook-Pro" name="testNG.Testannotation" tests="5" failures="0" timestamp="2018-09-30T15:44:04 EDT" time="0.017" errors="0">
  <testcase name="test4" time="0.004" classname="testNG.Testannotation"/>
  <testcase name="test5" time="0.003" classname="testNG.Testannotation"/>
  <testcase name="test2" time="0.002" classname="testNG.Testannotation"/>
  <testcase name="test" time="0.006" classname="testNG.Testannotation"/>
  <testcase name="test3" time="0.002" classname="testNG.Testannotation"/>
</testsuite> <!-- testNG.Testannotation -->
