<?xml version="1.0" encoding="UTF-8"?>
<!-- Generated by org.testng.reporters.JUnitReportReporter -->
<testsuite skipped="0" hostname="Mds-MacBook-Pro" name="testNG.TestGroup" tests="5" failures="0" timestamp="2018-09-30T15:44:04 EDT" time="0.011" errors="0">
  <testcase name="B" time="0.002" classname="testNG.TestGroup"/>
  <testcase name="E" time="0.003" classname="testNG.TestGroup"/>
  <testcase name="A" time="0.003" classname="testNG.TestGroup"/>
  <testcase name="D" time="0.001" classname="testNG.TestGroup"/>
  <testcase name="C" time="0.002" classname="testNG.TestGroup"/>
</testsuite> <!-- testNG.TestGroup -->
